<?xml version="1.0" encoding="UTF-8"?>
<!-- Generated by org.testng.reporters.JUnitXMLReporter -->
<testsuite ignored="1" hostname="JAGDEESH" failures="0" tests="4" name="Test" time="55.196" errors="0" timestamp="2023-03-27T16:30:44 IST">
  <testcase classname="testclass.Test_Cases" name="navigatestotheloginURL" time="10.349"/>
  <testcase classname="testclass.Test_Cases_A" name="ReqOtp" time="43.978"/>
  <testcase classname="testclass.Test_Cases_A" name="Verify" time="0.187"/>
  <testcase classname="testclass.Test_Cases_A" name="Verify_Page" time="0.064"/>
  <testcase classname="testclass.Base_Test" name="@BeforeSuite intbrowser" time="0.0">
    <ignored/>
  </testcase> <!-- @BeforeSuite intbrowser -->
</testsuite> <!-- Test -->
